c:\users\jon\documents\github\421_fractals\421_fractals\421_fractals\debug\421_fractals.pch
c:\users\jon\documents\github\421_fractals\421_fractals\421_fractals\debug\vc142.pdb
c:\users\jon\documents\github\421_fractals\421_fractals\421_fractals\debug\vc142.idb
c:\users\jon\documents\github\421_fractals\421_fractals\421_fractals\debug\421_fractals.pchast
c:\users\jon\documents\github\421_fractals\421_fractals\421_fractals\debug\stdafx.nativecodeanalysis.sarif
c:\users\jon\documents\github\421_fractals\421_fractals\421_fractals\debug\stdafx.nativecodeanalysis.xml
c:\users\jon\documents\github\421_fractals\421_fractals\421_fractals\debug\stdafx.obj
c:\users\jon\documents\github\421_fractals\421_fractals\421_fractals\debug\drawbuffer.nativecodeanalysis.sarif
c:\users\jon\documents\github\421_fractals\421_fractals\421_fractals\debug\drawbuffer.nativecodeanalysis.xml
c:\users\jon\documents\github\421_fractals\421_fractals\421_fractals\debug\421_fractals.nativecodeanalysis.sarif
c:\users\jon\documents\github\421_fractals\421_fractals\421_fractals\debug\421_fractals.nativecodeanalysis.xml
c:\users\jon\documents\github\421_fractals\421_fractals\421_fractals\debug\421_fractals.obj
c:\users\jon\documents\github\421_fractals\421_fractals\421_fractals\debug\drawbuffer.obj
c:\users\jon\documents\github\421_fractals\421_fractals\debug\421_fractals.ilk
c:\users\jon\documents\github\421_fractals\421_fractals\debug\421_fractals.exe
c:\users\jon\documents\github\421_fractals\421_fractals\debug\421_fractals.pdb
c:\users\jon\documents\github\421_fractals\421_fractals\421_fractals\debug\421_fractals.res
c:\users\jon\documents\github\421_fractals\421_fractals\421_fractals\debug\nativecodeanalysis.read.1.tlog
c:\users\jon\documents\github\421_fractals\421_fractals\421_fractals\debug\vc.nativecodeanalysis.all.xml
c:\users\jon\documents\github\421_fractals\421_fractals\debug\421_fractals.exe.lastcodeanalysissucceeded
c:\users\jon\documents\github\421_fractals\421_fractals\421_fractals\debug\421_fractals.tlog\cl.command.1.tlog
c:\users\jon\documents\github\421_fractals\421_fractals\421_fractals\debug\421_fractals.tlog\cl.read.1.tlog
c:\users\jon\documents\github\421_fractals\421_fractals\421_fractals\debug\421_fractals.tlog\cl.write.1.tlog
c:\users\jon\documents\github\421_fractals\421_fractals\421_fractals\debug\421_fractals.tlog\link.command.1.tlog
c:\users\jon\documents\github\421_fractals\421_fractals\421_fractals\debug\421_fractals.tlog\link.read.1.tlog
c:\users\jon\documents\github\421_fractals\421_fractals\421_fractals\debug\421_fractals.tlog\link.write.1.tlog
c:\users\jon\documents\github\421_fractals\421_fractals\421_fractals\debug\421_fractals.tlog\rc.command.1.tlog
c:\users\jon\documents\github\421_fractals\421_fractals\421_fractals\debug\421_fractals.tlog\rc.read.1.tlog
c:\users\jon\documents\github\421_fractals\421_fractals\421_fractals\debug\421_fractals.tlog\rc.write.1.tlog
